Flutter crash report.
Please report a bug at https://github.com/flutter/flutter/issues.

## command

flutter 

## exception

FormatException: FormatException: Unexpected end of input (at character 1)

^


```
#0      _ChunkedJsonParser.fail (dart:convert-patch/convert_patch.dart:1465:5)
#1      _ChunkedJsonParser.close (dart:convert-patch/convert_patch.dart:499:7)
#2      _parseJson (dart:convert-patch/convert_patch.dart:37:10)
#3      JsonDecoder.convert (dart:convert/json.dart:610:36)
#4      JsonCodec.decode (dart:convert/json.dart:216:41)
#5      jsonDecode (dart:convert/json.dart:155:10)
#6      Cache.devToolsVersion (package:flutter_tools/src/cache.dart:393:28)
#7      _FlutterVersionGit.devToolsVersion (package:flutter_tools/src/version.dart:588:47)
#8      FlutterVersion.toJson (package:flutter_tools/src/version.dart:253:24)
#9      _FlutterVersionGit.ensureVersionFile (package:flutter_tools/src/version.dart:619:56)
#10     FlutterCommandRunner.runCommand.<anonymous closure> (package:flutter_tools/src/runner/flutter_command_runner.dart:380:32)
<asynchronous suspension>
#11     AppContext.run.<anonymous closure> (package:flutter_tools/src/base/context.dart:153:19)
<asynchronous suspension>
#12     FlutterCommandRunner.runCommand (package:flutter_tools/src/runner/flutter_command_runner.dart:364:5)
<asynchronous suspension>
#13     run.<anonymous closure>.<anonymous closure> (package:flutter_tools/runner.dart:130:9)
<asynchronous suspension>
#14     AppContext.run.<anonymous closure> (package:flutter_tools/src/base/context.dart:153:19)
<asynchronous suspension>
#15     main (package:flutter_tools/executable.dart:93:3)
<asynchronous suspension>
```

## flutter doctor

```
[!] Flutter (Channel stable, 0.0.0-unknown, on macOS 15.0 24A335 darwin-arm64, locale en-US)
    ! Flutter version 0.0.0-unknown on channel stable at /Users/brandomorley/Documents/flutter
      Cannot resolve current version, possibly due to local changes.
      Reinstall Flutter by following instructions at https://flutter.dev/setup.
    ! Warning: `flutter` on your path resolves to /Users/brandomorley/development/flutter/bin/flutter, which is not inside your current Flutter SDK checkout at /Users/brandomorley/Documents/flutter. Consider adding /Users/brandomorley/Documents/flutter/bin to the front of your path.
    ! Warning: `dart` on your path resolves to /Users/brandomorley/development/flutter/bin/dart, which is not inside your current Flutter SDK checkout at /Users/brandomorley/Documents/flutter. Consider adding /Users/brandomorley/Documents/flutter/bin to the front of your path.
    • Upstream repository https://github.com/flutter/flutter.git
    • Framework revision  (6 weeks ago), 2024-09-03 14:30:00 -0700
    • Engine revision a6bd3f1de1
    • Dart version 3.5.2
    • DevTools version 2.37.2
    ✗ Downloaded executables cannot execute on host.
      See https://github.com/flutter/flutter/issues/6207 for more information.
      Flutter requires the Rosetta translation environment on ARM Macs. Try running:
        sudo softwareupdate --install-rosetta --agree-to-license

    • If those were intentional, you can disregard the above warnings; however it is recommended to use "git" directly to perform update checks and upgrades.

[✓] Android toolchain - develop for Android devices (Android SDK version 34.0.0)
    • Android SDK at /Users/brandomorley/Library/Android/sdk
    • Platform android-34, build-tools 34.0.0
    • Java binary at: /Applications/Android Studio.app/Contents/jbr/Contents/Home/bin/java
    • Java version OpenJDK Runtime Environment (build 17.0.7+0-17.0.7b1000.6-10550314)
    • All Android licenses accepted.

[✓] Xcode - develop for iOS and macOS (Xcode 15.4)
    • Xcode at /Applications/Xcode.app/Contents/Developer
    • Build 15F31d
    • CocoaPods version 1.15.2

[✓] Chrome - develop for the web
    • Chrome at /Applications/Google Chrome.app/Contents/MacOS/Google Chrome

[✓] Android Studio (version 2023.1)
    • Android Studio at /Applications/Android Studio.app/Contents
    • Flutter plugin can be installed from:
      🔨 https://plugins.jetbrains.com/plugin/9212-flutter
    • Dart plugin can be installed from:
      🔨 https://plugins.jetbrains.com/plugin/6351-dart
    • Java version OpenJDK Runtime Environment (build 17.0.7+0-17.0.7b1000.6-10550314)

[✓] VS Code (version 1.94.2)
    • VS Code at /Applications/Visual Studio Code.app/Contents
    • Flutter extension version 3.98.0

[✓] Connected device (3 available)
    • macOS (desktop)                 • macos                 • darwin-arm64   • macOS 15.0 24A335 darwin-arm64
    • Mac Designed for iPad (desktop) • mac-designed-for-ipad • darwin         • macOS 15.0 24A335 darwin-arm64
    • Chrome (web)                    • chrome                • web-javascript • Google Chrome 129.0.6668.91

[✓] Network resources
    • All expected network resources are available.

! Doctor found issues in 1 category.
```
