Flutter crash report.
Please report a bug at https://github.com/flutter/flutter/issues.

## command

flutter pub get --no-example

## exception

FileSystemException: FileSystemException: writeFrom failed, path = '/Users/brandomorley/Documents/CMSC436/terpiez/terpiez/ios/Flutter/Generated.xcconfig' (OS Error: Operation timed out, errno = 60)

```
#0      _RandomAccessFile.writeFromSync (dart:io/file_impl.dart:905:7)
#1      _File.writeAsBytesSync (dart:io/file_impl.dart:646:14)
#2      _File.writeAsStringSync (dart:io/file_impl.dart:668:5)
#3      ForwardingFile.writeAsStringSync (package:file/src/forwarding/forwarding_file.dart:150:16)
#4      ErrorHandlingFile.writeAsStringSync.<anonymous closure> (package:flutter_tools/src/base/error_handling_io.dart:279:22)
#5      _runSync (package:flutter_tools/src/base/error_handling_io.dart:600:14)
#6      ErrorHandlingFile.writeAsStringSync (package:flutter_tools/src/base/error_handling_io.dart:278:5)
#7      _updateGeneratedXcodePropertiesFile (package:flutter_tools/src/ios/xcode_build_settings.dart:79:32)
#8      updateGeneratedXcodeProperties (package:flutter_tools/src/ios/xcode_build_settings.dart:49:3)
<asynchronous suspension>
#9      IosProject._updateGeneratedXcodeConfigIfNeeded (package:flutter_tools/src/xcode_project.dart:586:7)
<asynchronous suspension>
#10     IosProject.ensureReadyForPlatformSpecificTooling (package:flutter_tools/src/xcode_project.dart:506:5)
<asynchronous suspension>
#11     FlutterProject.ensureReadyForPlatformSpecificTooling (package:flutter_tools/src/project.dart:384:7)
<asynchronous suspension>
#12     PackagesGetCommand.runCommand (package:flutter_tools/src/commands/packages.dart:383:7)
<asynchronous suspension>
#13     FlutterCommand.run.<anonymous closure> (package:flutter_tools/src/runner/flutter_command.dart:1408:27)
<asynchronous suspension>
#14     AppContext.run.<anonymous closure> (package:flutter_tools/src/base/context.dart:153:19)
<asynchronous suspension>
#15     CommandRunner.runCommand (package:args/command_runner.dart:212:13)
<asynchronous suspension>
#16     FlutterCommandRunner.runCommand.<anonymous closure> (package:flutter_tools/src/runner/flutter_command_runner.dart:420:9)
<asynchronous suspension>
#17     AppContext.run.<anonymous closure> (package:flutter_tools/src/base/context.dart:153:19)
<asynchronous suspension>
#18     FlutterCommandRunner.runCommand (package:flutter_tools/src/runner/flutter_command_runner.dart:364:5)
<asynchronous suspension>
#19     run.<anonymous closure>.<anonymous closure> (package:flutter_tools/runner.dart:130:9)
<asynchronous suspension>
#20     AppContext.run.<anonymous closure> (package:flutter_tools/src/base/context.dart:153:19)
<asynchronous suspension>
#21     main (package:flutter_tools/executable.dart:93:3)
<asynchronous suspension>
```

## flutter doctor

```
[!] Flutter (Channel stable, 3.24.2, on macOS 15.0 24A335 darwin-arm64, locale en-US)
    • Flutter version 3.24.2 on channel stable at /Users/brandomorley/Documents/flutter
    ! Warning: `flutter` on your path resolves to /Users/brandomorley/development/flutter/bin/flutter, which is not inside your current Flutter SDK checkout at /Users/brandomorley/Documents/flutter. Consider adding /Users/brandomorley/Documents/flutter/bin to the front of your path.
    ! Warning: `dart` on your path resolves to /Users/brandomorley/development/flutter/bin/dart, which is not inside your current Flutter SDK checkout at /Users/brandomorley/Documents/flutter. Consider adding /Users/brandomorley/Documents/flutter/bin to the front of your path.
    • Upstream repository https://github.com/flutter/flutter.git
    • Framework revision 4cf269e36d (6 weeks ago), 2024-09-03 14:30:00 -0700
    • Engine revision a6bd3f1de1
    • Dart version 3.5.2
    • DevTools version 2.37.2
    • If those were intentional, you can disregard the above warnings; however it is recommended to use "git" directly to perform update checks and upgrades.

[✓] Android toolchain - develop for Android devices (Android SDK version 34.0.0)
    • Android SDK at /Users/brandomorley/Library/Android/sdk
    • Platform android-34, build-tools 34.0.0
    • Java binary at: /Applications/Android Studio.app/Contents/jbr/Contents/Home/bin/java
    • Java version OpenJDK Runtime Environment (build 17.0.7+0-17.0.7b1000.6-10550314)
    • All Android licenses accepted.

[✓] Xcode - develop for iOS and macOS (Xcode 15.4)
    • Xcode at /Applications/Xcode.app/Contents/Developer
    • Build 15F31d
    • CocoaPods version 1.15.2

[✓] Chrome - develop for the web
    • Chrome at /Applications/Google Chrome.app/Contents/MacOS/Google Chrome

[✓] Android Studio (version 2023.1)
    • Android Studio at /Applications/Android Studio.app/Contents
    • Flutter plugin can be installed from:
      🔨 https://plugins.jetbrains.com/plugin/9212-flutter
    • Dart plugin can be installed from:
      🔨 https://plugins.jetbrains.com/plugin/6351-dart
    • Java version OpenJDK Runtime Environment (build 17.0.7+0-17.0.7b1000.6-10550314)

[✓] VS Code (version 1.94.2)
    • VS Code at /Applications/Visual Studio Code.app/Contents
    • Flutter extension version 3.98.0

[✓] Connected device (3 available)
    • macOS (desktop)                 • macos                 • darwin-arm64   • macOS 15.0 24A335 darwin-arm64
    • Mac Designed for iPad (desktop) • mac-designed-for-ipad • darwin         • macOS 15.0 24A335 darwin-arm64
    • Chrome (web)                    • chrome                • web-javascript • Google Chrome 129.0.6668.91

[✓] Network resources
    • All expected network resources are available.

! Doctor found issues in 1 category.
```
